Log file open, 10/26/17 16:08:10
LogWindows: Failed to load 'aqProf.dll' (GetLastError=126)
LogWindows: File 'aqProf.dll' does not exist
LogWindows: Failed to load 'VtuneApi.dll' (GetLastError=126)
LogWindows: File 'VtuneApi.dll' does not exist
LogWindows: Failed to load 'VtuneApi32e.dll' (GetLastError=126)
LogWindows: File 'VtuneApi32e.dll' does not exist
LogInit: Display: Running engine for game: DECORADO
LogPlatformFile: Not using cached read wrapper
LogInit: Display: RandInit(-15374171) SRandInit(-15374171).
LogTaskGraph: Started task graph with 5 named threads and 14 total threads with 3 sets of task threads.
LogStats: Stats thread started at 0.175264
LogD3D11RHI: Aftermath initialized
LogPluginManager: Mounting plugin Paper2D
LogPluginManager: Mounting plugin LightPropagationVolume
LogPluginManager: Mounting plugin CodeLiteSourceCodeAccess
LogPluginManager: Mounting plugin GitSourceControl
LogPluginManager: Mounting plugin KDevelopSourceCodeAccess
LogPluginManager: Mounting plugin NullSourceCodeAccess
LogPluginManager: Mounting plugin PerforceSourceControl
LogPluginManager: Mounting plugin SubversionSourceControl
LogPluginManager: Mounting plugin UObjectPlugin
LogPluginManager: Mounting plugin VisualStudioSourceCodeAccess
LogPluginManager: Mounting plugin XCodeSourceCodeAccess
LogPluginManager: Mounting plugin AssetManagerEditor
LogPluginManager: Mounting plugin AudioCapture
LogPluginManager: Mounting plugin FacialAnimation
LogPluginManager: Mounting plugin GameplayTagsEditor
LogPluginManager: Mounting plugin MobileLauncherProfileWizard
LogPluginManager: Mounting plugin PluginBrowser
LogPluginManager: Mounting plugin SpeedTreeImporter
LogPluginManager: Mounting plugin AlembicImporter
LogPluginManager: Mounting plugin CharacterAI
LogPluginManager: Mounting plugin HTML5Networking
LogPluginManager: Mounting plugin AndroidMedia
LogPluginManager: Mounting plugin AvfMedia
LogPluginManager: Mounting plugin MediaPlayerEditor
LogPluginManager: Mounting plugin WmfMedia
LogPluginManager: Mounting plugin TcpMessaging
LogPluginManager: Mounting plugin UdpMessaging
LogPluginManager: Mounting plugin LevelSequenceEditor
LogPluginManager: Mounting plugin MatineeToLevelSequence
LogPluginManager: Mounting plugin OnlineSubsystemGooglePlay
LogPluginManager: Mounting plugin OnlineSubsystemIOS
LogPluginManager: Mounting plugin OnlineSubsystem
LogPluginManager: Mounting plugin OnlineSubsystemNull
LogPluginManager: Mounting plugin OnlineSubsystemUtils
LogPluginManager: Mounting plugin AndroidDeviceProfileSelector
LogPluginManager: Mounting plugin AndroidMoviePlayer
LogPluginManager: Mounting plugin AndroidPermission
LogPluginManager: Mounting plugin AppleMoviePlayer
LogPluginManager: Mounting plugin ArchVisCharacter
LogPluginManager: Mounting plugin CableComponent
LogPluginManager: Mounting plugin CustomMeshComponent
LogPluginManager: Mounting plugin ExampleDeviceProfileSelector
LogPluginManager: Mounting plugin GoogleCloudMessaging
LogPluginManager: Mounting plugin ImmediatePhysics
LogPluginManager: Mounting plugin IOSDeviceProfileSelector
LogPluginManager: Mounting plugin LinuxDeviceProfileSelector
LogPluginManager: Mounting plugin LocationServicesBPLibrary
LogPluginManager: Mounting plugin MobilePatchingUtils
LogPluginManager: Mounting plugin OculusVR
LogPluginManager: Mounting plugin PhysXVehicles
LogPluginManager: Mounting plugin ProceduralMeshComponent
LogPluginManager: Mounting plugin RuntimePhysXCooking
LogPluginManager: Mounting plugin SteamVR
LogPluginManager: Mounting plugin WindowsMoviePlayer
LogPluginManager: Mounting plugin SocketIOClient
LogInit: Using libcurl 7.47.1
LogInit:  - built for x86_64-pc-win32
LogInit:  - supports SSL with OpenSSL/1.0.2g
LogInit:  - supports HTTP deflate (compression) using libz 1.2.8
LogInit:  - other features:
LogInit:      CURL_VERSION_SSL
LogInit:      CURL_VERSION_LIBZ
LogInit:      CURL_VERSION_IPV6
LogInit:      CURL_VERSION_ASYNCHDNS
LogInit:      CURL_VERSION_LARGEFILE
LogInit:      CURL_VERSION_IDN
LogInit:  CurlRequestOptions (configurable via config and command line):
LogInit:  - bVerifyPeer = false  - Libcurl will NOT verify peer certificate
LogInit:  - bUseHttpProxy = false  - Libcurl will NOT use HTTP proxy
LogInit:  - bDontReuseConnections = false  - Libcurl will reuse connections
LogInit:  - CertBundlePath = nullptr  - Libcurl will use whatever was configured at build time.
LogInit: Build: ++UE4+Release-4.17-CL-3658906
LogInit: Engine Version: 4.17.2-3658906+++UE4+Release-4.17
LogInit: Compatible Engine Version: 4.17.0-3573198+++UE4+Release-4.17
LogInit: Net CL: 3573198
LogDevObjectVersion: Number of dev versions registered: 16
LogDevObjectVersion:   Dev-Blueprints (B0D832E4-1F89-4F0D-ACCF-7EB736FD4AA2): 10
LogDevObjectVersion:   Dev-Build (E1C64328-A22C-4D53-A36C-8E866417BD8C): 0
LogDevObjectVersion:   Dev-Core (375EC13C-06E4-48FB-B500-84F0262A717E): 2
LogDevObjectVersion:   Dev-Editor (E4B068ED-F494-42E9-A231-DA0B2E46BB41): 20
LogDevObjectVersion:   Dev-Framework (CFFC743F-43B0-4480-9391-14DF171D2073): 28
LogDevObjectVersion:   Dev-Mobile (B02B49B5-BB20-44E9-A304-32B752E40360): 0
LogDevObjectVersion:   Dev-Networking (A4E4105C-59A1-49B5-A7C5-40C4547EDFEE): 0
LogDevObjectVersion:   Dev-Online (39C831C9-5AE6-47DC-9A44-9C173E1C8E7C): 0
LogDevObjectVersion:   Dev-Physics (78F01B33-EBEA-4F98-B9B4-84EACCB95AA2): 0
LogDevObjectVersion:   Dev-Platform (6631380F-2D4D-43E0-8009-CF276956A95A): 0
LogDevObjectVersion:   Dev-Rendering (12F88B9F-8875-4AFC-A67C-D90C383ABD29): 19
LogDevObjectVersion:   Dev-Sequencer (7B5AE74C-D270-4C10-A958-57980B212A5A): 4
LogDevObjectVersion:   Dev-VR (D7296918-1DD6-4BDD-9DE2-64A83CC13884): 0
LogDevObjectVersion:   Dev-LoadTimes (C2A15278-BFE7-4AFE-6C17-90FF531DF755): 1
LogDevObjectVersion:   Private-Geometry (6EACA3D4-40EC-4CC1-B786-8BED09428FC5): 1
LogDevObjectVersion:   Dev-AnimPhys (29E575DD-E0A3-4627-9D10-D276232CDCEA): 7
LogInit: Compiled (64-bit): Sep 22 2017 13:47:16
LogInit: Compiled with Visual C++: 19.00.24215.01
LogInit: Build Configuration: Development
LogInit: Branch Name: ++UE4+Release-4.17
LogInit: Command line:  
LogInit: Base directory: G:/UE_4.17/Engine/Binaries/Win64/
LogInit: Installed Engine Build: 1
LogInit: Presizing for max 8388607 objects, including 0 objects not considered by GC, pre-allocating 0 bytes for permanent pool.
LogInit: Object subsystem initialized
[2017.10.26-18.08.11:630][  0]LogInit: Selected Device Profile: [Windows]
[2017.10.26-18.08.11:630][  0]LogInit: Applying CVar settings loaded from the selected device profile: [Windows]
[2017.10.26-18.08.11:639][  0]LogInit: Computer: STUDIO1
[2017.10.26-18.08.11:639][  0]LogInit: User: STUDIO1
[2017.10.26-18.08.11:639][  0]LogInit: CPU Page size=4096, Cores=4
[2017.10.26-18.08.11:639][  0]LogInit: High frequency timer resolution =3.123195 MHz
[2017.10.26-18.08.11:640][  0]LogMemory: Memory total: Physical=7.9GB (8GB approx)
[2017.10.26-18.08.11:640][  0]LogMemory: Platform Memory Stats for Windows
[2017.10.26-18.08.11:640][  0]LogMemory: Process Physical Memory: 276.76 MB used, 276.76 MB peak
[2017.10.26-18.08.11:640][  0]LogMemory: Process Virtual Memory: 282.21 MB used, 282.21 MB peak
[2017.10.26-18.08.11:640][  0]LogMemory: Physical Memory: 4577.38 MB used,  3556.61 MB free, 8133.99 MB total
[2017.10.26-18.08.11:640][  0]LogMemory: Virtual Memory: 655.89 MB used,  3556.61 MB free, 134217728.00 MB total
[2017.10.26-18.08.11:759][  0]LogInit: Overriding language with editor culture configuration option (en).
[2017.10.26-18.08.11:759][  0]LogInit: Overriding locale with editor culture configuration option (en).
[2017.10.26-18.08.12:473][  0]LogD3D11RHI: D3D11 adapters:
[2017.10.26-18.08.12:492][  0]LogD3D11RHI:    0. 'NVIDIA GeForce GTX 970' (Feature Level 11_0)
[2017.10.26-18.08.12:492][  0]LogD3D11RHI:       3991/0/4066 MB DedicatedVideo/DedicatedSystem/SharedSystem, Outputs:2, VendorId:0x10de
[2017.10.26-18.08.12:494][  0]LogD3D11RHI:    1. 'Microsoft Basic Render Driver' (Feature Level 11_0)
[2017.10.26-18.08.12:494][  0]LogD3D11RHI:       0/0/256 MB DedicatedVideo/DedicatedSystem/SharedSystem, Outputs:0, VendorId:0x1414
[2017.10.26-18.08.12:494][  0]LogD3D11RHI: Chosen D3D11 Adapter: 0
[2017.10.26-18.08.12:497][  0]LogD3D11RHI: Creating new Direct3DDevice
[2017.10.26-18.08.12:497][  0]LogD3D11RHI:     GPU DeviceId: 0x13c2 (for the marketing name, search the web for "GPU Device Id")
[2017.10.26-18.08.12:497][  0]LogWindows: EnumDisplayDevices:
[2017.10.26-18.08.12:498][  0]LogWindows:    0. 'NVIDIA GeForce GTX 970' (P:1 D:1)
[2017.10.26-18.08.12:498][  0]LogWindows:    1. 'NVIDIA GeForce GTX 970' (P:0 D:1)
[2017.10.26-18.08.12:498][  0]LogWindows:    2. 'NVIDIA GeForce GTX 970' (P:0 D:0)
[2017.10.26-18.08.12:498][  0]LogWindows:    3. 'NVIDIA GeForce GTX 970' (P:0 D:0)
[2017.10.26-18.08.12:498][  0]LogWindows: DebugString: FoundDriverCount:4 
[2017.10.26-18.08.12:498][  0]LogD3D11RHI:     Adapter Name: NVIDIA GeForce GTX 970
[2017.10.26-18.08.12:498][  0]LogD3D11RHI:   Driver Version: 368.69 (internal:10.18.13.6869, unified:368.69)
[2017.10.26-18.08.12:498][  0]LogD3D11RHI:      Driver Date: 6-29-2016
[2017.10.26-18.08.12:498][  0]LogRHI: Texture pool is 1361 MB (70% of 1945 MB)
[2017.10.26-18.08.12:512][  0]LogD3D11RHI: Async texture creation enabled
[2017.10.26-18.08.12:528][  0]LogD3D11RHI: GPU Timing Frequency: 1000.000000 (Debug: 2 2)
[2017.10.26-18.08.12:626][  0]LogShaderCompilers: Guid format shader working directory is 10 characters bigger than the processId version (../../../../CPPCourse/DECORADO/DECORADO/Intermediate/Shaders/WorkingDirectory/6388/).
[2017.10.26-18.08.12:626][  0]LogShaderCompilers: Cleaned the shader compiler working directory 'C:/Users/STUDIO 1/AppData/Local/Temp/UnrealShaderWorkingDir/4048A5734BAD33E7476C36858F950B4A/'.
[2017.10.26-18.08.12:626][  0]LogShaderCompilers: Display: Using Local Shader Compiler.
[2017.10.26-18.08.13:551][  0]LogTemp: Display: Loaded TP AllDesktopTargetPlatform
[2017.10.26-18.08.13:597][  0]LogTemp: Display: Loaded TP MacClientTargetPlatform
[2017.10.26-18.08.13:644][  0]LogTemp: Display: Loaded TP MacNoEditorTargetPlatform
[2017.10.26-18.08.13:694][  0]LogTemp: Display: Loaded TP MacServerTargetPlatform
[2017.10.26-18.08.13:742][  0]LogTemp: Display: Loaded TP MacTargetPlatform
[2017.10.26-18.08.13:788][  0]LogTemp: Display: Loaded TP WindowsClientTargetPlatform
[2017.10.26-18.08.13:835][  0]LogTemp: Display: Loaded TP WindowsNoEditorTargetPlatform
[2017.10.26-18.08.13:882][  0]LogTemp: Display: Loaded TP WindowsServerTargetPlatform
[2017.10.26-18.08.13:923][  0]LogTemp: Display: Loaded TP WindowsTargetPlatform
[2017.10.26-18.08.13:968][  0]LogTemp: Display: Loaded TP AndroidTargetPlatform
[2017.10.26-18.08.14:013][  0]LogTemp: Display: Loaded TP Android_ASTCTargetPlatform
[2017.10.26-18.08.14:057][  0]LogTemp: Display: Loaded TP Android_ATCTargetPlatform
[2017.10.26-18.08.14:102][  0]LogTemp: Display: Loaded TP Android_DXTTargetPlatform
[2017.10.26-18.08.14:147][  0]LogTemp: Display: Loaded TP Android_ETC1TargetPlatform
[2017.10.26-18.08.14:191][  0]LogTemp: Display: Loaded TP Android_ETC2TargetPlatform
[2017.10.26-18.08.14:284][  0]LogTemp: Display: Loaded TP Android_MultiTargetPlatform
[2017.10.26-18.08.14:284][  0]LogTemp: Display: Loaded TP Android_PVRTCTargetPlatform
[2017.10.26-18.08.14:320][  0]LogTemp: Display: Loaded TP HTML5TargetPlatform
[2017.10.26-18.08.14:403][  0]LogTemp: Display: Loaded TP IOSTargetPlatform
[2017.10.26-18.08.14:427][  0]LogTemp: Display: Loaded TP TVOSTargetPlatform
[2017.10.26-18.08.14:472][  0]LogTemp: Display: Loaded TP LinuxClientTargetPlatform
[2017.10.26-18.08.14:519][  0]LogTemp: Display: Loaded TP LinuxNoEditorTargetPlatform
[2017.10.26-18.08.14:568][  0]LogTemp: Display: Loaded TP LinuxServerTargetPlatform
[2017.10.26-18.08.14:619][  0]LogTemp: Display: Loaded TP LinuxTargetPlatform
[2017.10.26-18.08.14:619][  0]LogTargetPlatformManager: Display: Building Assets For Windows
[2017.10.26-18.08.15:023][  0]LogDerivedDataCache: Display: Max Cache Size: 512 MB
[2017.10.26-18.08.15:156][  0]LogDerivedDataCache: Loaded boot cache 0.13s 93MB C:/Users/STUDIO 1/AppData/Local/UnrealEngine/4.17/DerivedDataCache/Boot.ddc.
[2017.10.26-18.08.15:157][  0]LogDerivedDataCache: Display: Loaded Boot cache: C:/Users/STUDIO 1/AppData/Local/UnrealEngine/4.17/DerivedDataCache/Boot.ddc
[2017.10.26-18.08.15:157][  0]LogDerivedDataCache: FDerivedDataBackendGraph:  Pak pak cache file ../../../../CPPCourse/DECORADO/DECORADO/DerivedDataCache/DDC.ddp not found, will not use a pak cache.
[2017.10.26-18.08.15:157][  0]LogDerivedDataCache: Unable to find inner node Pak for hierarchical cache Hierarchy.
[2017.10.26-18.08.15:157][  0]LogDerivedDataCache: FDerivedDataBackendGraph:  CompressedPak pak cache file ../../../../CPPCourse/DECORADO/DECORADO/DerivedDataCache/Compressed.ddp not found, will not use a pak cache.
[2017.10.26-18.08.15:157][  0]LogDerivedDataCache: Unable to find inner node CompressedPak for hierarchical cache Hierarchy.
[2017.10.26-18.08.15:176][  0]LogDerivedDataCache: Display: Pak cache opened for reading ../../../Engine/DerivedDataCache/Compressed.ddp.
[2017.10.26-18.08.15:188][  0]LogDerivedDataCache: Using Local data cache path C:/Users/STUDIO 1/AppData/Local/UnrealEngine/Common/DerivedDataCache: Writable
[2017.10.26-18.08.15:198][  0]LogMaterial: Verifying Global Shaders for PCD3D_SM5
[2017.10.26-18.08.15:198][  0]LogSlate: Using Freetype 2.6.0
[2017.10.26-18.08.15:199][  0]LogSlate: SlateFontCache - WITH_FREETYPE: 1, WITH_HARFBUZZ: 1
[2017.10.26-18.08.15:199][  0]LogSlate: SlateFontCache - WITH_FREETYPE: 1, WITH_HARFBUZZ: 1
[2017.10.26-18.08.15:504][  0]LogAssetRegistry: FAssetRegistry took 0.0271 seconds to start up
[2017.10.26-18.08.15:618][  0]LogInit: Selected Device Profile: [Windows]
[2017.10.26-18.08.15:800][  0]LogContentStreaming: Texture pool size is 0.00 MB
[2017.10.26-18.08.16:072][  0]LogSimplygon: Simplygon DLL not present - disabling.
[2017.10.26-18.08.16:107][  0]LogMeshReduction: Using SimplygonSwarm for distributed automatic mesh merging
[2017.10.26-18.08.16:107][  0]LogMeshReduction: Using QuadricMeshReduction for automatic static mesh reduction
[2017.10.26-18.08.16:107][  0]LogMeshReduction: No automatic skeletal mesh reduction module available
[2017.10.26-18.08.16:107][  0]LogMeshReduction: No automatic mesh merging module available
[2017.10.26-18.08.16:107][  0]LogMeshMerging: No automatic mesh merging module available
[2017.10.26-18.08.16:505][  0]LogNetVersion: DECORADO , NetCL: 3573198, EngineNetVer: 2, GameNetVer: 0 (Checksum: 1983026979)
[2017.10.26-18.08.16:691][  0]LogPackageLocalizationCache: Processed 5 localized package path(s) for 1 prioritized culture(s) in 0.020684 seconds
[2017.10.26-18.08.16:698][  0]LogUObjectArray: 35825 objects as part of root set at end of initial load.
[2017.10.26-18.08.16:698][  0]LogUObjectAllocator: 7529104 out of 0 bytes used by permanent object pool.
[2017.10.26-18.08.16:698][  0]LogUObjectArray: CloseDisregardForGC: 0/0 objects in disregard for GC pool
[2017.10.26-18.08.16:737][  0]LogInit: WinSock: version 1.1 (2.2), MaxSocks=32767, MaxUdp=65467
[2017.10.26-18.08.19:324][  0]LogTcpMessaging: Initializing TcpMessaging bridge
[2017.10.26-18.08.19:363][  0]LogUdpMessaging: Initializing bridge on interface 0.0.0.0:0 to multicast group 230.0.0.1:6666.
[2017.10.26-18.08.20:128][  0]LogMaterial: Uniform references updated for custom material expression Custom.
[2017.10.26-18.08.20:556][  0]SourceControl: Source control is disabled
[2017.10.26-18.08.20:556][  0]SourceControl: Source control is disabled
[2017.10.26-18.08.20:607][  0]SourceControl: Source control is disabled
[2017.10.26-18.08.20:659][  0]SourceControl: Source control is disabled
[2017.10.26-18.08.21:256][  0]LogAndroidPermission: UAndroidPermissionCallbackProxy::GetInstance
[2017.10.26-18.08.21:515][  0]LogOcInput: OculusInput pre-init called
[2017.10.26-18.08.21:884][  0]LogEngine: Initializing Engine...
[2017.10.26-18.08.21:886][  0]LogHMD: Failed to initialize OpenVR with code 110
[2017.10.26-18.08.22:191][  0]LogStats: UGameplayTagsManager::ConstructGameplayTagTree: Construct from data asset -  0.000 s
[2017.10.26-18.08.22:191][  0]LogStats: UGameplayTagsManager::ConstructGameplayTagTree: GameplayTagTreeChangedEvent.Broadcast -  0.000 s
[2017.10.26-18.08.22:327][  0]LogAIModule: Creating AISystem for world Untitled
[2017.10.26-18.08.22:337][  0]LogInit: XAudio2 using 'Alto-falantes (Realtek High Definition Audio)' : 2 channels at 48 kHz using 32 bits per sample (channel mask 0x3)
[2017.10.26-18.08.22:348][  0]LogInit: FAudioDevice initialized.
[2017.10.26-18.08.22:452][  0]LogDerivedDataCache: Saved boot cache 0.10s 93MB C:/Users/STUDIO 1/AppData/Local/UnrealEngine/4.17/DerivedDataCache/Boot.ddc.
[2017.10.26-18.08.22:462][  0]LogInit: Texture streaming: Enabled
[2017.10.26-18.08.22:540][  0]LogEngineSessionManager: EngineSessionManager initialized
[2017.10.26-18.08.22:745][  0]LogInit: Transaction tracking system initialized
[2017.10.26-18.08.23:016][  0]BlueprintLog: New page: Editor Load
[2017.10.26-18.08.23:783][  0]LocalizationService: Localization service is disabled
[2017.10.26-18.08.24:573][  0]LogConsoleResponse: Display: 
[2017.10.26-18.08.24:754][  0]LogCook: Display: Max memory allowance for cook 16384mb min free memory 0mb
[2017.10.26-18.08.24:754][  0]LogCook: Display: Mobile HDR setting 1
[2017.10.26-18.08.24:754][  0]LogGameplayTags: Display: UGameplayTagsManager::DoneAddingNativeTags. DelegateIsBound: 0
[2017.10.26-18.08.25:670][  0]LogFileCache: Scanning file cache for directory 'G:/CPPCourse/DECORADO/DECORADO/Content/' took 0.01s
[2017.10.26-18.08.25:714][  0]SourceControl: Source control is disabled
[2017.10.26-18.08.25:714][  0]Cmd: MAP LOAD FILE="../../../../CPPCourse/DECORADO/DECORADO/Content/Maps/Test_Map.umap" TEMPLATE=0 SHOWPROGRESS=1 FEATURELEVEL=3
[2017.10.26-18.08.25:714][  0]LightingResults: New page: Lighting Build
[2017.10.26-18.08.25:751][  0]MapCheck: New page: Map Check
[2017.10.26-18.08.25:751][  0]LightingResults: New page: Lighting Build
[2017.10.26-18.08.25:859][  0]LogProperty: Error: UStructProperty::Serialize Loading: Property 'StructProperty /Game/Blueprints/Objects_Base.Objects_Base_C:ObjectStructure'. Unknown structure.
[2017.10.26-18.08.25:859][  0]LogClass: Warning: Property ObjectStructure of ObjectStructure has a struct type mismatch (tag STRUCT_REINST_Objects_Structure_6 != prop FallbackStruct) in package:  ../../../../CPPCourse/DECORADO/DECORADO/Content/Blueprints/Objects_Base.uasset. If that struct got renamed, add an entry to ActiveStructRedirects.
[2017.10.26-18.08.25:862][  0]LogClass: Warning: Property ObjectStructure of ObjectStructure has a struct type mismatch (tag FallbackStruct != prop Objects_Structure) in package:  FObjectReader. If that struct got renamed, add an entry to ActiveStructRedirects.
[2017.10.26-18.08.26:792][  0]LogAIModule: Creating AISystem for world Test_Map
[2017.10.26-18.08.26:807][  0]LogEditorServer: Finished looking for orphan Actors (0.000 secs)
[2017.10.26-18.08.26:823][  0]Cmd: MAP CHECKDEP NOCLEARLOG
[2017.10.26-18.08.26:930][  0]MapCheck: Map check complete: 0 Error(s), 0 Warning(s), took 106.681ms to complete.
[2017.10.26-18.08.26:930][  0]LogFileHelpers: Loading map 'Test_Map' took 1.216
[2017.10.26-18.08.27:079][  0]LogCollectionManager: Loaded 0 collections in 0.002451 seconds
[2017.10.26-18.08.27:157][  0]LogFileCache: Scanning file cache for directory 'G:/CPPCourse/DECORADO/DECORADO/Saved/Collections/' took 0.01s
[2017.10.26-18.08.27:157][  0]LogFileCache: Scanning file cache for directory 'G:/CPPCourse/DECORADO/DECORADO/Content/Developers/STUDIO1/Collections/' took 0.01s
[2017.10.26-18.08.27:157][  0]LogFileCache: Scanning file cache for directory 'G:/CPPCourse/DECORADO/DECORADO/Content/Collections/' took 0.01s
[2017.10.26-18.08.27:157][  0]LogCollectionManager: Rebuilt the GUID cache for 0 collections in 0.000001 seconds
[2017.10.26-18.08.27:168][  0]LogContentBrowser: Native class hierarchy populated in 0.0104 seconds. Added 2395 classes and 509 folders.
[2017.10.26-18.08.27:222][  0]LogContentBrowser: Native class hierarchy updated for 'WidgetCarousel' in 0.0029 seconds. Added 0 classes and 0 folders.
[2017.10.26-18.08.27:286][  0]LogContentBrowser: Native class hierarchy updated for 'AddContentDialog' in 0.0028 seconds. Added 0 classes and 0 folders.
[2017.10.26-18.08.27:326][  0]LogContentBrowser: Native class hierarchy updated for 'SceneOutliner' in 0.0025 seconds. Added 1 classes and 2 folders.
[2017.10.26-18.08.27:347][  0]LogSlate: Took 0.000218 seconds to synchronously load lazily loaded font '../../../Engine/Content/Slate/Fonts/Roboto-Regular.ttf' (155K)
[2017.10.26-18.08.27:349][  0]LogSlate: Took 0.000189 seconds to synchronously load lazily loaded font '../../../Engine/Content/Slate/Fonts/Roboto-Bold.ttf' (160K)
[2017.10.26-18.08.27:354][  0]LogSlate: Took 0.000204 seconds to synchronously load lazily loaded font '../../../Engine/Content/Editor/Slate/Fonts/FontAwesome.ttf' (139K)
[2017.10.26-18.08.27:461][  0]LogRenderer: Reallocating scene render targets to support 1208x576 Format 10 NumSamples 1 (Frame:1).
[2017.10.26-18.08.27:685][  0]LogContentBrowser: Native class hierarchy updated for 'HierarchicalLODOutliner' in 0.0026 seconds. Added 1 classes and 2 folders.
[2017.10.26-18.08.27:685][  0]LogLoad: (Engine Initialization) Total time: 18.72 seconds
[2017.10.26-18.08.27:685][  0]LogLoad: (Engine Initialization) Total Blueprint compile time: 0.00 seconds
[2017.10.26-18.08.27:685][  0]LogExternalProfiler: Found external profiler: VSPerf
[2017.10.26-18.08.27:685][  0]LogExternalProfiler: Using external profiler: VSPerf
[2017.10.26-18.08.28:045][  0]LogContentStreaming: Texture pool size now 1000 MB
[2017.10.26-18.08.28:081][  0]LogSlate: Took 0.000241 seconds to synchronously load lazily loaded font '../../../Engine/Content/Slate/Fonts/Roboto-Light.ttf' (159K)
[2017.10.26-18.08.28:364][  1]LogAssetRegistry: Asset discovery search completed in 12.8833 seconds
[2017.10.26-18.08.28:366][  1]LogCollectionManager: Rebuilt the object cache for 0 collections in 0.000000 seconds (found 0 objects)
[2017.10.26-18.08.28:366][  1]LogCollectionManager: Fixed up redirectors for 0 collections in 0.000057 seconds (updated 0 objects)
[2017.10.26-18.08.37:123][840]SourceControl: Error: Failed to enable Git source control. You need to install Git and specify a valid path to git executable.
[2017.10.26-18.08.51:923][590]SourceControl: Source control is disabled
